TN:
SF:models.rs
FN:44,<camera_detection_bot::models::Receiver as core::convert::TryFrom<alloc::string::String>>::try_from
FN:66,<camera_detection_bot::models::Settings as core::fmt::Display>::fmt
FN:66,<camera_detection_bot::models::Settings as core::fmt::Display>::fmt
FN:30,<camera_detection_bot::models::Receiver as core::fmt::Display>::fmt
FN:95,<camera_detection_bot::models::ObjectPhoto>::image
FN:95,<camera_detection_bot::models::ObjectPhoto>::image
FN:44,<camera_detection_bot::models::Receiver as core::convert::TryFrom<alloc::string::String>>::try_from
FN:30,<camera_detection_bot::models::Receiver as core::fmt::Display>::fmt
FNDA:1,<camera_detection_bot::models::Receiver as core::convert::TryFrom<alloc::string::String>>::try_from
FNDA:1,<camera_detection_bot::models::Settings as core::fmt::Display>::fmt
FNDA:1,<camera_detection_bot::models::Settings as core::fmt::Display>::fmt
FNDA:1,<camera_detection_bot::models::Receiver as core::fmt::Display>::fmt
FNDA:1,<camera_detection_bot::models::ObjectPhoto>::image
FNDA:1,<camera_detection_bot::models::ObjectPhoto>::image
FNDA:1,<camera_detection_bot::models::Receiver as core::convert::TryFrom<alloc::string::String>>::try_from
FNDA:1,<camera_detection_bot::models::Receiver as core::fmt::Display>::fmt
FNF:8
FNH:8
BRF:0
BRH:0
DA:30,32
DA:31,32
DA:32,32
DA:33,0
DA:34,0
DA:37,32
DA:38,32
DA:44,32
DA:45,32
DA:46,32
DA:47,32
DA:48,8
DA:49,8
DA:50,8
DA:51,8
DA:53,32
DA:66,16
DA:67,16
DA:68,16
DA:69,0
DA:70,0
DA:73,16
DA:74,16
DA:75,16
DA:76,16
DA:77,16
DA:78,16
DA:79,16
DA:95,32
DA:96,32
DA:97,32
LF:31
LH:27
end_of_record
SF:bot.rs
FN:342,camera_detection_bot::bot::tests::where_is_tests::test_incorrect_base64::{closure#0}::{closure#0}::{closure#0}
FN:464,camera_detection_bot::bot::tests::get_settings_tests::test_incorrect_response::{closure#0}::{closure#0}::{closure#0}
FN:338,camera_detection_bot::bot::tests::where_is_tests::test_incorrect_base64::{closure#0}
FN:310,camera_detection_bot::bot::tests::where_is_tests::test_erroneous_server::{closure#0}::{closure#0}
FN:491,camera_detection_bot::bot::tests::get_settings_tests::test_correct::{closure#0}
FN:179,camera_detection_bot::bot::handler_tree
FN:24,<camera_detection_bot::bot::Command as teloxide::utils::command::BotCommands>::parse::{closure#1}::{closure#0}
FN:558,camera_detection_bot::bot::tests::change_settings_tests::test_fail::{closure#0}::{closure#0}::{closure#0}
FN:375,camera_detection_bot::bot::tests::where_is_tests::test_correct::{closure#0}::{closure#0}::{closure#0}
FN:54,camera_detection_bot::bot::answer
FN:24,<camera_detection_bot::bot::Command as teloxide::utils::command::BotCommands>::parse::{closure#0}::{closure#0}
FN:375,camera_detection_bot::bot::tests::where_is_tests::test_correct::{closure#0}::{closure#0}::{closure#0}
FN:585,camera_detection_bot::bot::tests::change_settings_tests::test_correct::{closure#0}::{closure#0}
FN:459,camera_detection_bot::bot::tests::get_settings_tests::test_incorrect_response::{closure#0}
FN:431,camera_detection_bot::bot::tests::get_settings_tests::test_erroneous_server::{closure#0}
FN:369,camera_detection_bot::bot::tests::where_is_tests::test_correct::{closure#0}::{closure#0}
FN:247,camera_detection_bot::bot::tests::current_state_tests::test_incorrect_base64::{closure#0}::{closure#0}
FN:225,camera_detection_bot::bot::tests::current_state_tests::test_erroneous_server::{closure#0}::{closure#0}::{closure#0}
FN:24,<camera_detection_bot::bot::Command as teloxide::utils::command::BotCommands>::parse::{closure#3}::{closure#0}
FN:338,camera_detection_bot::bot::tests::where_is_tests::test_incorrect_base64::{closure#0}::{closure#0}
FN:585,camera_detection_bot::bot::tests::change_settings_tests::test_correct::{closure#0}::{closure#0}
FN:24,<camera_detection_bot::bot::Command as teloxide::utils::command::BotCommands>::parse::{closure#5}::{closure#0}
FN:369,camera_detection_bot::bot::tests::where_is_tests::test_correct::{closure#0}
FN:369,camera_detection_bot::bot::tests::where_is_tests::test_correct::{closure#0}
FN:431,camera_detection_bot::bot::tests::get_settings_tests::test_erroneous_server::{closure#0}::{closure#0}
FN:222,camera_detection_bot::bot::tests::current_state_tests::test_erroneous_server::{closure#0}
FN:18,camera_detection_bot::bot::convert_to_image
FN:281,camera_detection_bot::bot::tests::current_state_tests::test_correct::{closure#0}::{closure#0}::{closure#0}
FN:529,camera_detection_bot::bot::tests::change_settings_tests::test_incorrect_settings::{closure#0}
FN:313,camera_detection_bot::bot::tests::where_is_tests::test_erroneous_server::{closure#0}::{closure#0}::{closure#0}
FN:24,<camera_detection_bot::bot::Command as teloxide::utils::command::BotCommands>::parse::{closure#4}::{closure#0}
FN:338,camera_detection_bot::bot::tests::where_is_tests::test_incorrect_base64::{closure#0}
FN:188,camera_detection_bot::bot::run_bot::{closure#0}
FN:188,camera_detection_bot::bot::run_bot
FN:281,camera_detection_bot::bot::tests::current_state_tests::test_correct::{closure#0}::{closure#0}::{closure#0}
FN:409,camera_detection_bot::bot::tests::get_settings_tests::test_incorrect_receiver::{closure#0}::{closure#0}
FN:558,camera_detection_bot::bot::tests::change_settings_tests::test_fail::{closure#0}::{closure#0}::{closure#0}
FN:553,camera_detection_bot::bot::tests::change_settings_tests::test_fail::{closure#0}::{closure#0}
FN:24,<camera_detection_bot::bot::Command as teloxide::utils::command::BotCommands>::parse::{closure#2}::{closure#0}
FN:459,camera_detection_bot::bot::tests::get_settings_tests::test_incorrect_response::{closure#0}::{closure#0}
FN:24,<camera_detection_bot::bot::Command as teloxide::utils::command::BotCommands>::parse::{closure#2}::{closure#0}
FN:275,camera_detection_bot::bot::tests::current_state_tests::test_correct::{closure#0}::{closure#0}
FN:275,camera_detection_bot::bot::tests::current_state_tests::test_correct::{closure#0}::{closure#0}
FN:434,camera_detection_bot::bot::tests::get_settings_tests::test_erroneous_server::{closure#0}::{closure#0}::{closure#0}
FN:553,camera_detection_bot::bot::tests::change_settings_tests::test_fail::{closure#0}
FN:529,camera_detection_bot::bot::tests::change_settings_tests::test_incorrect_settings::{closure#0}
FN:188,camera_detection_bot::bot::run_bot::{closure#0}
FN:313,camera_detection_bot::bot::tests::where_is_tests::test_erroneous_server::{closure#0}::{closure#0}::{closure#0}
FN:496,camera_detection_bot::bot::tests::get_settings_tests::test_correct::{closure#0}::{closure#0}::{closure#0}
FN:409,camera_detection_bot::bot::tests::get_settings_tests::test_incorrect_receiver::{closure#0}
FN:585,camera_detection_bot::bot::tests::change_settings_tests::test_correct::{closure#0}
FN:491,camera_detection_bot::bot::tests::get_settings_tests::test_correct::{closure#0}::{closure#0}
FN:9,camera_detection_bot::bot::get_api_address
FN:464,camera_detection_bot::bot::tests::get_settings_tests::test_incorrect_response::{closure#0}::{closure#0}::{closure#0}
FN:275,camera_detection_bot::bot::tests::current_state_tests::test_correct::{closure#0}
FN:338,camera_detection_bot::bot::tests::where_is_tests::test_incorrect_base64::{closure#0}::{closure#0}
FN:459,camera_detection_bot::bot::tests::get_settings_tests::test_incorrect_response::{closure#0}
FN:54,camera_detection_bot::bot::answer::{closure#0}
FN:222,camera_detection_bot::bot::tests::current_state_tests::test_erroneous_server::{closure#0}::{closure#0}
FN:431,camera_detection_bot::bot::tests::get_settings_tests::test_erroneous_server::{closure#0}
FN:247,camera_detection_bot::bot::tests::current_state_tests::test_incorrect_base64::{closure#0}
FN:24,<camera_detection_bot::bot::Command as teloxide::utils::command::BotCommands>::parse::{closure#3}::{closure#0}
FN:247,camera_detection_bot::bot::tests::current_state_tests::test_incorrect_base64::{closure#0}
FN:409,camera_detection_bot::bot::tests::get_settings_tests::test_incorrect_receiver::{closure#0}
FN:24,<camera_detection_bot::bot::Command as teloxide::utils::command::BotCommands>::parse::{closure#5}::{closure#0}
FN:590,camera_detection_bot::bot::tests::change_settings_tests::test_correct::{closure#0}::{closure#0}::{closure#0}
FN:553,camera_detection_bot::bot::tests::change_settings_tests::test_fail::{closure#0}::{closure#0}
FN:9,camera_detection_bot::bot::get_api_address
FN:434,camera_detection_bot::bot::tests::get_settings_tests::test_erroneous_server::{closure#0}::{closure#0}::{closure#0}
FN:590,camera_detection_bot::bot::tests::change_settings_tests::test_correct::{closure#0}::{closure#0}::{closure#0}
FN:585,camera_detection_bot::bot::tests::change_settings_tests::test_correct::{closure#0}
FN:529,camera_detection_bot::bot::tests::change_settings_tests::test_incorrect_settings::{closure#0}::{closure#0}
FN:275,camera_detection_bot::bot::tests::current_state_tests::test_correct::{closure#0}
FN:222,camera_detection_bot::bot::tests::current_state_tests::test_erroneous_server::{closure#0}::{closure#0}
FN:251,camera_detection_bot::bot::tests::current_state_tests::test_incorrect_base64::{closure#0}::{closure#0}::{closure#0}
FN:18,camera_detection_bot::bot::convert_to_image
FN:54,camera_detection_bot::bot::answer
FN:12,camera_detection_bot::bot::get_api_address::{closure#0}
FN:24,<camera_detection_bot::bot::Command as teloxide::utils::command::BotCommands>::parse::{closure#1}::{closure#0}
FN:24,<camera_detection_bot::bot::Command as teloxide::utils::command::BotCommands>::parse::{closure#4}::{closure#0}
FN:529,camera_detection_bot::bot::tests::change_settings_tests::test_incorrect_settings::{closure#0}::{closure#0}
FN:553,camera_detection_bot::bot::tests::change_settings_tests::test_fail::{closure#0}
FN:342,camera_detection_bot::bot::tests::where_is_tests::test_incorrect_base64::{closure#0}::{closure#0}::{closure#0}
FN:431,camera_detection_bot::bot::tests::get_settings_tests::test_erroneous_server::{closure#0}::{closure#0}
FN:54,camera_detection_bot::bot::answer::{closure#0}
FN:491,camera_detection_bot::bot::tests::get_settings_tests::test_correct::{closure#0}::{closure#0}
FN:310,camera_detection_bot::bot::tests::where_is_tests::test_erroneous_server::{closure#0}
FN:188,camera_detection_bot::bot::run_bot
FN:459,camera_detection_bot::bot::tests::get_settings_tests::test_incorrect_response::{closure#0}::{closure#0}
FN:491,camera_detection_bot::bot::tests::get_settings_tests::test_correct::{closure#0}
FN:409,camera_detection_bot::bot::tests::get_settings_tests::test_incorrect_receiver::{closure#0}::{closure#0}
FN:24,<camera_detection_bot::bot::Command as teloxide::utils::command::BotCommands>::parse::{closure#0}::{closure#0}
FN:251,camera_detection_bot::bot::tests::current_state_tests::test_incorrect_base64::{closure#0}::{closure#0}::{closure#0}
FN:310,camera_detection_bot::bot::tests::where_is_tests::test_erroneous_server::{closure#0}
FN:310,camera_detection_bot::bot::tests::where_is_tests::test_erroneous_server::{closure#0}::{closure#0}
FN:179,camera_detection_bot::bot::handler_tree
FN:369,camera_detection_bot::bot::tests::where_is_tests::test_correct::{closure#0}::{closure#0}
FN:247,camera_detection_bot::bot::tests::current_state_tests::test_incorrect_base64::{closure#0}::{closure#0}
FN:222,camera_detection_bot::bot::tests::current_state_tests::test_erroneous_server::{closure#0}
FN:225,camera_detection_bot::bot::tests::current_state_tests::test_erroneous_server::{closure#0}::{closure#0}::{closure#0}
FN:496,camera_detection_bot::bot::tests::get_settings_tests::test_correct::{closure#0}::{closure#0}::{closure#0}
FN:12,camera_detection_bot::bot::get_api_address::{closure#0}
FNDA:1,camera_detection_bot::bot::tests::where_is_tests::test_incorrect_base64::{closure#0}::{closure#0}::{closure#0}
FNDA:1,camera_detection_bot::bot::tests::get_settings_tests::test_incorrect_response::{closure#0}::{closure#0}::{closure#0}
FNDA:1,camera_detection_bot::bot::tests::where_is_tests::test_incorrect_base64::{closure#0}
FNDA:1,camera_detection_bot::bot::tests::where_is_tests::test_erroneous_server::{closure#0}::{closure#0}
FNDA:1,camera_detection_bot::bot::tests::get_settings_tests::test_correct::{closure#0}
FNDA:1,camera_detection_bot::bot::handler_tree
FNDA:0,<camera_detection_bot::bot::Command as teloxide::utils::command::BotCommands>::parse::{closure#1}::{closure#0}
FNDA:1,camera_detection_bot::bot::tests::change_settings_tests::test_fail::{closure#0}::{closure#0}::{closure#0}
FNDA:1,camera_detection_bot::bot::tests::where_is_tests::test_correct::{closure#0}::{closure#0}::{closure#0}
FNDA:1,camera_detection_bot::bot::answer
FNDA:0,<camera_detection_bot::bot::Command as teloxide::utils::command::BotCommands>::parse::{closure#0}::{closure#0}
FNDA:1,camera_detection_bot::bot::tests::where_is_tests::test_correct::{closure#0}::{closure#0}::{closure#0}
FNDA:1,camera_detection_bot::bot::tests::change_settings_tests::test_correct::{closure#0}::{closure#0}
FNDA:1,camera_detection_bot::bot::tests::get_settings_tests::test_incorrect_response::{closure#0}
FNDA:1,camera_detection_bot::bot::tests::get_settings_tests::test_erroneous_server::{closure#0}
FNDA:1,camera_detection_bot::bot::tests::where_is_tests::test_correct::{closure#0}::{closure#0}
FNDA:1,camera_detection_bot::bot::tests::current_state_tests::test_incorrect_base64::{closure#0}::{closure#0}
FNDA:1,camera_detection_bot::bot::tests::current_state_tests::test_erroneous_server::{closure#0}::{closure#0}::{closure#0}
FNDA:0,<camera_detection_bot::bot::Command as teloxide::utils::command::BotCommands>::parse::{closure#3}::{closure#0}
FNDA:1,camera_detection_bot::bot::tests::where_is_tests::test_incorrect_base64::{closure#0}::{closure#0}
FNDA:1,camera_detection_bot::bot::tests::change_settings_tests::test_correct::{closure#0}::{closure#0}
FNDA:0,<camera_detection_bot::bot::Command as teloxide::utils::command::BotCommands>::parse::{closure#5}::{closure#0}
FNDA:1,camera_detection_bot::bot::tests::where_is_tests::test_correct::{closure#0}
FNDA:1,camera_detection_bot::bot::tests::where_is_tests::test_correct::{closure#0}
FNDA:1,camera_detection_bot::bot::tests::get_settings_tests::test_erroneous_server::{closure#0}::{closure#0}
FNDA:1,camera_detection_bot::bot::tests::current_state_tests::test_erroneous_server::{closure#0}
FNDA:1,camera_detection_bot::bot::convert_to_image
FNDA:1,camera_detection_bot::bot::tests::current_state_tests::test_correct::{closure#0}::{closure#0}::{closure#0}
FNDA:1,camera_detection_bot::bot::tests::change_settings_tests::test_incorrect_settings::{closure#0}
FNDA:1,camera_detection_bot::bot::tests::where_is_tests::test_erroneous_server::{closure#0}::{closure#0}::{closure#0}
FNDA:0,<camera_detection_bot::bot::Command as teloxide::utils::command::BotCommands>::parse::{closure#4}::{closure#0}
FNDA:1,camera_detection_bot::bot::tests::where_is_tests::test_incorrect_base64::{closure#0}
FNDA:0,camera_detection_bot::bot::run_bot::{closure#0}
FNDA:0,camera_detection_bot::bot::run_bot
FNDA:1,camera_detection_bot::bot::tests::current_state_tests::test_correct::{closure#0}::{closure#0}::{closure#0}
FNDA:1,camera_detection_bot::bot::tests::get_settings_tests::test_incorrect_receiver::{closure#0}::{closure#0}
FNDA:1,camera_detection_bot::bot::tests::change_settings_tests::test_fail::{closure#0}::{closure#0}::{closure#0}
FNDA:1,camera_detection_bot::bot::tests::change_settings_tests::test_fail::{closure#0}::{closure#0}
FNDA:0,<camera_detection_bot::bot::Command as teloxide::utils::command::BotCommands>::parse::{closure#2}::{closure#0}
FNDA:1,camera_detection_bot::bot::tests::get_settings_tests::test_incorrect_response::{closure#0}::{closure#0}
FNDA:0,<camera_detection_bot::bot::Command as teloxide::utils::command::BotCommands>::parse::{closure#2}::{closure#0}
FNDA:1,camera_detection_bot::bot::tests::current_state_tests::test_correct::{closure#0}::{closure#0}
FNDA:1,camera_detection_bot::bot::tests::current_state_tests::test_correct::{closure#0}::{closure#0}
FNDA:1,camera_detection_bot::bot::tests::get_settings_tests::test_erroneous_server::{closure#0}::{closure#0}::{closure#0}
FNDA:1,camera_detection_bot::bot::tests::change_settings_tests::test_fail::{closure#0}
FNDA:1,camera_detection_bot::bot::tests::change_settings_tests::test_incorrect_settings::{closure#0}
FNDA:0,camera_detection_bot::bot::run_bot::{closure#0}
FNDA:1,camera_detection_bot::bot::tests::where_is_tests::test_erroneous_server::{closure#0}::{closure#0}::{closure#0}
FNDA:1,camera_detection_bot::bot::tests::get_settings_tests::test_correct::{closure#0}::{closure#0}::{closure#0}
FNDA:1,camera_detection_bot::bot::tests::get_settings_tests::test_incorrect_receiver::{closure#0}
FNDA:1,camera_detection_bot::bot::tests::change_settings_tests::test_correct::{closure#0}
FNDA:1,camera_detection_bot::bot::tests::get_settings_tests::test_correct::{closure#0}::{closure#0}
FNDA:0,camera_detection_bot::bot::get_api_address
FNDA:1,camera_detection_bot::bot::tests::get_settings_tests::test_incorrect_response::{closure#0}::{closure#0}::{closure#0}
FNDA:1,camera_detection_bot::bot::tests::current_state_tests::test_correct::{closure#0}
FNDA:1,camera_detection_bot::bot::tests::where_is_tests::test_incorrect_base64::{closure#0}::{closure#0}
FNDA:1,camera_detection_bot::bot::tests::get_settings_tests::test_incorrect_response::{closure#0}
FNDA:1,camera_detection_bot::bot::answer::{closure#0}
FNDA:1,camera_detection_bot::bot::tests::current_state_tests::test_erroneous_server::{closure#0}::{closure#0}
FNDA:1,camera_detection_bot::bot::tests::get_settings_tests::test_erroneous_server::{closure#0}
FNDA:1,camera_detection_bot::bot::tests::current_state_tests::test_incorrect_base64::{closure#0}
FNDA:0,<camera_detection_bot::bot::Command as teloxide::utils::command::BotCommands>::parse::{closure#3}::{closure#0}
FNDA:1,camera_detection_bot::bot::tests::current_state_tests::test_incorrect_base64::{closure#0}
FNDA:1,camera_detection_bot::bot::tests::get_settings_tests::test_incorrect_receiver::{closure#0}
FNDA:0,<camera_detection_bot::bot::Command as teloxide::utils::command::BotCommands>::parse::{closure#5}::{closure#0}
FNDA:1,camera_detection_bot::bot::tests::change_settings_tests::test_correct::{closure#0}::{closure#0}::{closure#0}
FNDA:1,camera_detection_bot::bot::tests::change_settings_tests::test_fail::{closure#0}::{closure#0}
FNDA:0,camera_detection_bot::bot::get_api_address
FNDA:1,camera_detection_bot::bot::tests::get_settings_tests::test_erroneous_server::{closure#0}::{closure#0}::{closure#0}
FNDA:1,camera_detection_bot::bot::tests::change_settings_tests::test_correct::{closure#0}::{closure#0}::{closure#0}
FNDA:1,camera_detection_bot::bot::tests::change_settings_tests::test_correct::{closure#0}
FNDA:1,camera_detection_bot::bot::tests::change_settings_tests::test_incorrect_settings::{closure#0}::{closure#0}
FNDA:1,camera_detection_bot::bot::tests::current_state_tests::test_correct::{closure#0}
FNDA:1,camera_detection_bot::bot::tests::current_state_tests::test_erroneous_server::{closure#0}::{closure#0}
FNDA:1,camera_detection_bot::bot::tests::current_state_tests::test_incorrect_base64::{closure#0}::{closure#0}::{closure#0}
FNDA:1,camera_detection_bot::bot::convert_to_image
FNDA:1,camera_detection_bot::bot::answer
FNDA:0,camera_detection_bot::bot::get_api_address::{closure#0}
FNDA:0,<camera_detection_bot::bot::Command as teloxide::utils::command::BotCommands>::parse::{closure#1}::{closure#0}
FNDA:0,<camera_detection_bot::bot::Command as teloxide::utils::command::BotCommands>::parse::{closure#4}::{closure#0}
FNDA:1,camera_detection_bot::bot::tests::change_settings_tests::test_incorrect_settings::{closure#0}::{closure#0}
FNDA:1,camera_detection_bot::bot::tests::change_settings_tests::test_fail::{closure#0}
FNDA:1,camera_detection_bot::bot::tests::where_is_tests::test_incorrect_base64::{closure#0}::{closure#0}::{closure#0}
FNDA:1,camera_detection_bot::bot::tests::get_settings_tests::test_erroneous_server::{closure#0}::{closure#0}
FNDA:1,camera_detection_bot::bot::answer::{closure#0}
FNDA:1,camera_detection_bot::bot::tests::get_settings_tests::test_correct::{closure#0}::{closure#0}
FNDA:1,camera_detection_bot::bot::tests::where_is_tests::test_erroneous_server::{closure#0}
FNDA:0,camera_detection_bot::bot::run_bot
FNDA:1,camera_detection_bot::bot::tests::get_settings_tests::test_incorrect_response::{closure#0}::{closure#0}
FNDA:1,camera_detection_bot::bot::tests::get_settings_tests::test_correct::{closure#0}
FNDA:1,camera_detection_bot::bot::tests::get_settings_tests::test_incorrect_receiver::{closure#0}::{closure#0}
FNDA:0,<camera_detection_bot::bot::Command as teloxide::utils::command::BotCommands>::parse::{closure#0}::{closure#0}
FNDA:1,camera_detection_bot::bot::tests::current_state_tests::test_incorrect_base64::{closure#0}::{closure#0}::{closure#0}
FNDA:1,camera_detection_bot::bot::tests::where_is_tests::test_erroneous_server::{closure#0}
FNDA:1,camera_detection_bot::bot::tests::where_is_tests::test_erroneous_server::{closure#0}::{closure#0}
FNDA:1,camera_detection_bot::bot::handler_tree
FNDA:1,camera_detection_bot::bot::tests::where_is_tests::test_correct::{closure#0}::{closure#0}
FNDA:1,camera_detection_bot::bot::tests::current_state_tests::test_incorrect_base64::{closure#0}::{closure#0}
FNDA:1,camera_detection_bot::bot::tests::current_state_tests::test_erroneous_server::{closure#0}
FNDA:1,camera_detection_bot::bot::tests::current_state_tests::test_erroneous_server::{closure#0}::{closure#0}::{closure#0}
FNDA:1,camera_detection_bot::bot::tests::get_settings_tests::test_correct::{closure#0}::{closure#0}::{closure#0}
FNDA:0,camera_detection_bot::bot::get_api_address::{closure#0}
FNF:102
FNH:82
BRF:0
BRH:0
DA:9,0
DA:10,0
DA:12,0
DA:13,0
DA:18,32
DA:19,32
DA:20,32
DA:21,32
DA:24,0
DA:54,156
DA:55,104
DA:57,0
DA:59,0
DA:60,0
DA:63,24
DA:65,24
DA:67,24
DA:68,16
DA:69,16
DA:70,8
DA:71,8
DA:72,8
DA:75,8
DA:76,8
DA:77,8
DA:81,8
DA:82,8
DA:83,8
DA:86,24
DA:87,24
DA:89,24
DA:91,24
DA:92,16
DA:93,16
DA:94,8
DA:95,8
DA:96,8
DA:99,8
DA:100,8
DA:101,8
DA:105,8
DA:106,8
DA:107,8
DA:110,32
DA:111,32
DA:113,32
DA:114,32
DA:115,32
DA:116,8
DA:117,8
DA:118,8
DA:120,8
DA:121,24
DA:122,24
DA:123,24
DA:125,24
DA:127,16
DA:128,8
DA:129,8
DA:130,8
DA:132,16
DA:133,8
DA:134,8
DA:135,8
DA:138,8
DA:139,8
DA:140,8
DA:144,24
DA:145,24
DA:147,24
DA:148,24
DA:149,24
DA:150,8
DA:151,8
DA:152,8
DA:154,8
DA:155,16
DA:156,16
DA:157,16
DA:159,16
DA:160,16
DA:162,8
DA:163,8
DA:164,8
DA:167,8
DA:168,8
DA:169,8
DA:175,88
DA:176,104
DA:179,104
DA:180,104
DA:181,104
DA:182,104
DA:183,104
DA:184,104
DA:185,104
DA:188,0
DA:189,0
DA:191,0
DA:192,0
DA:194,0
DA:195,0
DA:197,0
DA:198,0
DA:200,0
DA:201,0
DA:202,0
DA:203,0
DA:204,0
DA:205,0
DA:206,0
DA:222,8
DA:223,8
DA:224,8
DA:225,8
DA:226,8
DA:227,8
DA:228,8
DA:229,8
DA:230,8
DA:231,8
DA:232,8
DA:233,8
DA:234,8
DA:235,8
DA:236,8
DA:237,8
DA:238,8
DA:239,8
DA:240,8
DA:241,8
DA:242,8
DA:247,8
DA:248,8
DA:249,8
DA:250,8
DA:251,8
DA:252,8
DA:253,8
DA:254,8
DA:255,8
DA:256,8
DA:257,8
DA:258,8
DA:259,8
DA:260,8
DA:261,8
DA:262,8
DA:263,8
DA:264,8
DA:265,8
DA:266,8
DA:267,8
DA:268,8
DA:269,8
DA:270,8
DA:275,8
DA:276,8
DA:277,8
DA:278,8
DA:279,8
DA:280,8
DA:281,8
DA:282,8
DA:283,8
DA:284,8
DA:285,8
DA:286,8
DA:287,8
DA:288,8
DA:289,8
DA:290,8
DA:291,8
DA:292,8
DA:293,8
DA:294,8
DA:295,8
DA:296,8
DA:297,8
DA:298,8
DA:299,8
DA:300,8
DA:301,8
DA:310,8
DA:311,8
DA:312,8
DA:313,8
DA:314,8
DA:315,8
DA:316,8
DA:317,8
DA:318,8
DA:319,8
DA:320,8
DA:321,8
DA:322,8
DA:323,8
DA:324,8
DA:325,8
DA:326,8
DA:327,8
DA:328,8
DA:329,8
DA:330,8
DA:331,8
DA:332,8
DA:333,8
DA:338,8
DA:339,8
DA:340,8
DA:341,8
DA:342,8
DA:343,8
DA:344,8
DA:345,8
DA:346,8
DA:347,8
DA:348,8
DA:349,8
DA:350,8
DA:351,8
DA:352,8
DA:353,8
DA:354,8
DA:355,8
DA:356,8
DA:357,8
DA:358,8
DA:359,8
DA:360,8
DA:361,8
DA:362,8
DA:363,8
DA:364,8
DA:369,8
DA:370,8
DA:371,8
DA:372,8
DA:373,8
DA:374,8
DA:375,8
DA:376,8
DA:377,8
DA:378,8
DA:379,8
DA:380,8
DA:381,8
DA:382,8
DA:383,8
DA:384,8
DA:385,8
DA:386,8
DA:387,8
DA:388,8
DA:389,8
DA:390,8
DA:391,8
DA:392,8
DA:393,8
DA:394,8
DA:395,8
DA:396,8
DA:397,8
DA:398,8
DA:409,8
DA:410,8
DA:411,8
DA:412,8
DA:413,8
DA:414,8
DA:415,8
DA:416,8
DA:417,8
DA:418,8
DA:419,8
DA:420,8
DA:421,8
DA:422,8
DA:423,8
DA:424,8
DA:425,8
DA:426,8
DA:431,8
DA:432,8
DA:433,8
DA:434,8
DA:435,8
DA:436,8
DA:437,8
DA:438,8
DA:439,8
DA:440,8
DA:441,8
DA:442,8
DA:443,8
DA:444,8
DA:445,8
DA:446,8
DA:447,8
DA:448,8
DA:449,8
DA:450,8
DA:451,8
DA:452,8
DA:453,8
DA:454,8
DA:459,8
DA:460,8
DA:461,8
DA:462,8
DA:463,8
DA:464,8
DA:465,8
DA:466,8
DA:467,8
DA:468,8
DA:469,8
DA:470,8
DA:471,8
DA:472,8
DA:473,8
DA:474,8
DA:475,8
DA:476,8
DA:477,8
DA:478,8
DA:479,8
DA:480,8
DA:481,8
DA:482,8
DA:483,8
DA:484,8
DA:485,8
DA:486,8
DA:491,8
DA:492,8
DA:493,8
DA:494,8
DA:495,8
DA:496,8
DA:497,8
DA:498,8
DA:499,8
DA:500,8
DA:501,8
DA:502,8
DA:503,8
DA:504,8
DA:505,8
DA:506,8
DA:507,8
DA:508,8
DA:509,8
DA:510,8
DA:511,8
DA:512,8
DA:513,8
DA:514,8
DA:515,8
DA:516,8
DA:517,8
DA:518,8
DA:519,8
DA:520,8
DA:529,8
DA:530,8
DA:531,8
DA:532,8
DA:533,8
DA:534,8
DA:535,8
DA:536,8
DA:537,8
DA:538,8
DA:539,8
DA:540,8
DA:541,8
DA:542,8
DA:543,8
DA:544,8
DA:545,8
DA:546,8
DA:547,8
DA:548,8
DA:553,8
DA:554,8
DA:555,8
DA:556,8
DA:557,8
DA:558,8
DA:559,8
DA:560,8
DA:561,8
DA:562,8
DA:563,8
DA:564,8
DA:565,8
DA:566,8
DA:567,8
DA:568,8
DA:569,8
DA:570,8
DA:571,8
DA:572,8
DA:573,8
DA:574,8
DA:575,8
DA:576,8
DA:577,8
DA:578,8
DA:579,8
DA:580,8
DA:585,8
DA:586,8
DA:587,8
DA:588,8
DA:589,8
DA:590,8
DA:591,8
DA:592,8
DA:593,8
DA:594,8
DA:595,8
DA:596,8
DA:597,8
DA:598,8
DA:599,8
DA:600,8
DA:601,8
DA:602,8
DA:603,8
DA:604,8
DA:605,8
DA:606,8
DA:607,8
DA:608,8
DA:609,8
DA:610,8
DA:611,8
DA:612,8
LF:440
LH:417
end_of_record
SF:main.rs
FN:19,camera_detection_bot::main::{closure#0}
FN:19,camera_detection_bot::main
FN:19,camera_detection_bot::main
FN:19,camera_detection_bot::main::{closure#0}
FNDA:0,camera_detection_bot::main::{closure#0}
FNDA:0,camera_detection_bot::main
FNDA:0,camera_detection_bot::main
FNDA:0,camera_detection_bot::main::{closure#0}
FNF:4
FNH:0
BRF:0
BRH:0
DA:19,0
DA:20,0
DA:21,0
DA:22,0
DA:23,0
DA:24,0
DA:25,0
DA:26,0
DA:27,0
LF:9
LH:0
end_of_record
SF:api_client.rs
FN:246,camera_detection_bot::api_client::tests::get_object_tests::test_correct_case
FN:279,camera_detection_bot::api_client::tests::get_objects_tests::test_image_too_big::{closure#0}
FN:189,camera_detection_bot::api_client::tests::get_settings_test::test_correct
FN:192,camera_detection_bot::api_client::tests::get_settings_test::test_correct::{closure#0}::{closure#0}
FN:189,camera_detection_bot::api_client::tests::get_settings_test::test_correct::{closure#0}
FN:136,camera_detection_bot::api_client::tests::change_settings_tests::test_no_such_setting
FN:57,<camera_detection_bot::api_client::ApiClient>::get_settings
FN:57,<camera_detection_bot::api_client::ApiClient>::get_settings
FN:192,camera_detection_bot::api_client::tests::get_settings_test::test_correct::{closure#0}::{closure#0}
FN:283,camera_detection_bot::api_client::tests::get_objects_tests::test_image_too_big::{closure#0}::{closure#0}
FN:222,camera_detection_bot::api_client::tests::get_object_tests::test_image_too_big::{closure#0}
FN:189,camera_detection_bot::api_client::tests::get_settings_test::test_correct::{closure#0}
FN:160,camera_detection_bot::api_client::tests::change_settings_tests::test_correct_case::{closure#0}
FN:279,camera_detection_bot::api_client::tests::get_objects_tests::test_image_too_big
FN:85,<camera_detection_bot::api_client::ApiClient>::get_object::{closure#0}
FN:30,<camera_detection_bot::api_client::ApiClient>::change_settings
FN:302,camera_detection_bot::api_client::tests::get_objects_tests::test_correct_case::{closure#0}
FN:251,camera_detection_bot::api_client::tests::get_object_tests::test_correct_case::{closure#0}::{closure#0}
FN:227,camera_detection_bot::api_client::tests::get_object_tests::test_image_too_big::{closure#0}::{closure#0}
FN:22,<camera_detection_bot::api_client::ApiClient>::new::<alloc::string::String>
FN:246,camera_detection_bot::api_client::tests::get_object_tests::test_correct_case::{closure#0}
FN:283,camera_detection_bot::api_client::tests::get_objects_tests::test_image_too_big::{closure#0}::{closure#0}
FN:57,<camera_detection_bot::api_client::ApiClient>::get_settings::{closure#0}
FN:160,camera_detection_bot::api_client::tests::change_settings_tests::test_correct_case
FN:22,<camera_detection_bot::api_client::ApiClient>::new::<alloc::string::String>
FN:227,camera_detection_bot::api_client::tests::get_object_tests::test_image_too_big::{closure#0}::{closure#0}
FN:85,<camera_detection_bot::api_client::ApiClient>::get_object::{closure#0}
FN:163,camera_detection_bot::api_client::tests::change_settings_tests::test_correct_case::{closure#0}::{closure#0}
FN:104,<camera_detection_bot::api_client::ApiClient>::get_objects
FN:136,camera_detection_bot::api_client::tests::change_settings_tests::test_no_such_setting::{closure#0}
FN:279,camera_detection_bot::api_client::tests::get_objects_tests::test_image_too_big::{closure#0}
FN:85,<camera_detection_bot::api_client::ApiClient>::get_object
FN:222,camera_detection_bot::api_client::tests::get_object_tests::test_image_too_big
FN:104,<camera_detection_bot::api_client::ApiClient>::get_objects::{closure#0}
FN:139,camera_detection_bot::api_client::tests::change_settings_tests::test_no_such_setting::{closure#0}::{closure#0}
FN:30,<camera_detection_bot::api_client::ApiClient>::change_settings::{closure#0}
FN:136,camera_detection_bot::api_client::tests::change_settings_tests::test_no_such_setting
FN:163,camera_detection_bot::api_client::tests::change_settings_tests::test_correct_case::{closure#0}::{closure#0}
FN:136,camera_detection_bot::api_client::tests::change_settings_tests::test_no_such_setting::{closure#0}
FN:279,camera_detection_bot::api_client::tests::get_objects_tests::test_image_too_big
FN:160,camera_detection_bot::api_client::tests::change_settings_tests::test_correct_case::{closure#0}
FN:222,camera_detection_bot::api_client::tests::get_object_tests::test_image_too_big
FN:302,camera_detection_bot::api_client::tests::get_objects_tests::test_correct_case
FN:307,camera_detection_bot::api_client::tests::get_objects_tests::test_correct_case::{closure#0}::{closure#0}
FN:307,camera_detection_bot::api_client::tests::get_objects_tests::test_correct_case::{closure#0}::{closure#0}
FN:160,camera_detection_bot::api_client::tests::change_settings_tests::test_correct_case
FN:104,<camera_detection_bot::api_client::ApiClient>::get_objects
FN:104,<camera_detection_bot::api_client::ApiClient>::get_objects::{closure#0}
FN:189,camera_detection_bot::api_client::tests::get_settings_test::test_correct
FN:246,camera_detection_bot::api_client::tests::get_object_tests::test_correct_case::{closure#0}
FN:302,camera_detection_bot::api_client::tests::get_objects_tests::test_correct_case::{closure#0}
FN:251,camera_detection_bot::api_client::tests::get_object_tests::test_correct_case::{closure#0}::{closure#0}
FN:85,<camera_detection_bot::api_client::ApiClient>::get_object
FN:222,camera_detection_bot::api_client::tests::get_object_tests::test_image_too_big::{closure#0}
FN:302,camera_detection_bot::api_client::tests::get_objects_tests::test_correct_case
FN:30,<camera_detection_bot::api_client::ApiClient>::change_settings
FN:139,camera_detection_bot::api_client::tests::change_settings_tests::test_no_such_setting::{closure#0}::{closure#0}
FN:30,<camera_detection_bot::api_client::ApiClient>::change_settings::{closure#0}
FN:246,camera_detection_bot::api_client::tests::get_object_tests::test_correct_case
FN:57,<camera_detection_bot::api_client::ApiClient>::get_settings::{closure#0}
FNDA:1,camera_detection_bot::api_client::tests::get_object_tests::test_correct_case
FNDA:1,camera_detection_bot::api_client::tests::get_objects_tests::test_image_too_big::{closure#0}
FNDA:1,camera_detection_bot::api_client::tests::get_settings_test::test_correct
FNDA:1,camera_detection_bot::api_client::tests::get_settings_test::test_correct::{closure#0}::{closure#0}
FNDA:1,camera_detection_bot::api_client::tests::get_settings_test::test_correct::{closure#0}
FNDA:1,camera_detection_bot::api_client::tests::change_settings_tests::test_no_such_setting
FNDA:1,<camera_detection_bot::api_client::ApiClient>::get_settings
FNDA:1,<camera_detection_bot::api_client::ApiClient>::get_settings
FNDA:1,camera_detection_bot::api_client::tests::get_settings_test::test_correct::{closure#0}::{closure#0}
FNDA:1,camera_detection_bot::api_client::tests::get_objects_tests::test_image_too_big::{closure#0}::{closure#0}
FNDA:1,camera_detection_bot::api_client::tests::get_object_tests::test_image_too_big::{closure#0}
FNDA:1,camera_detection_bot::api_client::tests::get_settings_test::test_correct::{closure#0}
FNDA:1,camera_detection_bot::api_client::tests::change_settings_tests::test_correct_case::{closure#0}
FNDA:1,camera_detection_bot::api_client::tests::get_objects_tests::test_image_too_big
FNDA:1,<camera_detection_bot::api_client::ApiClient>::get_object::{closure#0}
FNDA:1,<camera_detection_bot::api_client::ApiClient>::change_settings
FNDA:1,camera_detection_bot::api_client::tests::get_objects_tests::test_correct_case::{closure#0}
FNDA:1,camera_detection_bot::api_client::tests::get_object_tests::test_correct_case::{closure#0}::{closure#0}
FNDA:1,camera_detection_bot::api_client::tests::get_object_tests::test_image_too_big::{closure#0}::{closure#0}
FNDA:1,<camera_detection_bot::api_client::ApiClient>::new::<alloc::string::String>
FNDA:1,camera_detection_bot::api_client::tests::get_object_tests::test_correct_case::{closure#0}
FNDA:1,camera_detection_bot::api_client::tests::get_objects_tests::test_image_too_big::{closure#0}::{closure#0}
FNDA:1,<camera_detection_bot::api_client::ApiClient>::get_settings::{closure#0}
FNDA:1,camera_detection_bot::api_client::tests::change_settings_tests::test_correct_case
FNDA:1,<camera_detection_bot::api_client::ApiClient>::new::<alloc::string::String>
FNDA:1,camera_detection_bot::api_client::tests::get_object_tests::test_image_too_big::{closure#0}::{closure#0}
FNDA:1,<camera_detection_bot::api_client::ApiClient>::get_object::{closure#0}
FNDA:1,camera_detection_bot::api_client::tests::change_settings_tests::test_correct_case::{closure#0}::{closure#0}
FNDA:1,<camera_detection_bot::api_client::ApiClient>::get_objects
FNDA:1,camera_detection_bot::api_client::tests::change_settings_tests::test_no_such_setting::{closure#0}
FNDA:1,camera_detection_bot::api_client::tests::get_objects_tests::test_image_too_big::{closure#0}
FNDA:1,<camera_detection_bot::api_client::ApiClient>::get_object
FNDA:1,camera_detection_bot::api_client::tests::get_object_tests::test_image_too_big
FNDA:1,<camera_detection_bot::api_client::ApiClient>::get_objects::{closure#0}
FNDA:1,camera_detection_bot::api_client::tests::change_settings_tests::test_no_such_setting::{closure#0}::{closure#0}
FNDA:1,<camera_detection_bot::api_client::ApiClient>::change_settings::{closure#0}
FNDA:1,camera_detection_bot::api_client::tests::change_settings_tests::test_no_such_setting
FNDA:1,camera_detection_bot::api_client::tests::change_settings_tests::test_correct_case::{closure#0}::{closure#0}
FNDA:1,camera_detection_bot::api_client::tests::change_settings_tests::test_no_such_setting::{closure#0}
FNDA:1,camera_detection_bot::api_client::tests::get_objects_tests::test_image_too_big
FNDA:1,camera_detection_bot::api_client::tests::change_settings_tests::test_correct_case::{closure#0}
FNDA:1,camera_detection_bot::api_client::tests::get_object_tests::test_image_too_big
FNDA:1,camera_detection_bot::api_client::tests::get_objects_tests::test_correct_case
FNDA:1,camera_detection_bot::api_client::tests::get_objects_tests::test_correct_case::{closure#0}::{closure#0}
FNDA:1,camera_detection_bot::api_client::tests::get_objects_tests::test_correct_case::{closure#0}::{closure#0}
FNDA:1,camera_detection_bot::api_client::tests::change_settings_tests::test_correct_case
FNDA:1,<camera_detection_bot::api_client::ApiClient>::get_objects
FNDA:1,<camera_detection_bot::api_client::ApiClient>::get_objects::{closure#0}
FNDA:1,camera_detection_bot::api_client::tests::get_settings_test::test_correct
FNDA:1,camera_detection_bot::api_client::tests::get_object_tests::test_correct_case::{closure#0}
FNDA:1,camera_detection_bot::api_client::tests::get_objects_tests::test_correct_case::{closure#0}
FNDA:1,camera_detection_bot::api_client::tests::get_object_tests::test_correct_case::{closure#0}::{closure#0}
FNDA:1,<camera_detection_bot::api_client::ApiClient>::get_object
FNDA:1,camera_detection_bot::api_client::tests::get_object_tests::test_image_too_big::{closure#0}
FNDA:1,camera_detection_bot::api_client::tests::get_objects_tests::test_correct_case
FNDA:1,<camera_detection_bot::api_client::ApiClient>::change_settings
FNDA:1,camera_detection_bot::api_client::tests::change_settings_tests::test_no_such_setting::{closure#0}::{closure#0}
FNDA:1,<camera_detection_bot::api_client::ApiClient>::change_settings::{closure#0}
FNDA:1,camera_detection_bot::api_client::tests::get_object_tests::test_correct_case
FNDA:1,<camera_detection_bot::api_client::ApiClient>::get_settings::{closure#0}
FNF:60
FNH:60
BRF:0
BRH:0
DA:22,160
DA:23,160
DA:24,160
DA:25,160
DA:26,160
DA:27,160
DA:30,48
DA:31,32
DA:32,32
DA:34,32
DA:36,32
DA:38,16
DA:39,16
DA:42,0
DA:43,0
DA:46,8
DA:47,8
DA:49,8
DA:50,8
DA:51,8
DA:54,32
DA:57,48
DA:58,32
DA:59,32
DA:61,32
DA:63,32
DA:65,24
DA:66,24
DA:67,16
DA:68,16
DA:69,16
DA:71,8
DA:72,8
DA:73,8
DA:77,8
DA:78,8
DA:79,8
DA:82,32
DA:85,60
DA:86,40
DA:87,40
DA:89,40
DA:91,40
DA:93,24
DA:94,24
DA:96,16
DA:97,16
DA:98,16
DA:101,40
DA:104,60
DA:105,40
DA:106,40
DA:108,40
DA:110,40
DA:112,24
DA:113,24
DA:115,16
DA:116,16
DA:117,16
DA:120,40
DA:136,12
DA:137,12
DA:138,8
DA:139,12
DA:140,12
DA:141,12
DA:142,12
DA:143,12
DA:144,12
DA:145,12
DA:146,12
DA:147,8
DA:148,12
DA:149,12
DA:150,12
DA:151,8
DA:152,12
DA:153,12
DA:154,8
DA:155,12
DA:156,8
DA:160,12
DA:161,12
DA:162,8
DA:163,12
DA:164,12
DA:165,12
DA:166,12
DA:167,12
DA:168,12
DA:169,12
DA:170,12
DA:171,8
DA:172,12
DA:173,12
DA:174,12
DA:175,8
DA:176,12
DA:177,12
DA:178,8
DA:179,12
DA:180,8
DA:189,12
DA:190,12
DA:191,8
DA:192,12
DA:193,12
DA:194,12
DA:195,12
DA:196,12
DA:197,12
DA:198,12
DA:199,12
DA:200,12
DA:201,12
DA:202,12
DA:203,12
DA:204,8
DA:205,12
DA:206,12
DA:207,12
DA:208,8
DA:209,12
DA:210,12
DA:211,8
DA:212,12
DA:213,8
DA:222,12
DA:223,12
DA:224,8
DA:225,12
DA:226,12
DA:227,12
DA:228,12
DA:229,12
DA:230,12
DA:231,12
DA:232,12
DA:233,12
DA:234,12
DA:235,12
DA:236,12
DA:237,12
DA:238,12
DA:239,12
DA:240,8
DA:241,12
DA:242,8
DA:246,12
DA:247,12
DA:248,8
DA:249,12
DA:250,12
DA:251,12
DA:252,12
DA:253,12
DA:254,12
DA:255,12
DA:256,12
DA:257,12
DA:258,12
DA:259,8
DA:260,12
DA:261,8
DA:262,12
DA:263,8
DA:264,12
DA:265,8
DA:266,12
DA:267,12
DA:268,8
DA:269,12
DA:270,8
DA:279,12
DA:280,12
DA:281,8
DA:282,12
DA:283,12
DA:284,12
DA:285,12
DA:286,12
DA:287,12
DA:288,12
DA:289,12
DA:290,12
DA:291,12
DA:292,12
DA:293,12
DA:294,12
DA:295,12
DA:296,8
DA:297,12
DA:298,8
DA:302,12
DA:303,12
DA:304,8
DA:305,12
DA:306,12
DA:307,12
DA:308,12
DA:309,12
DA:310,12
DA:311,12
DA:312,12
DA:313,12
DA:314,12
DA:315,8
DA:316,12
DA:317,8
DA:318,12
DA:319,8
DA:320,12
DA:321,8
DA:322,12
DA:323,12
DA:324,8
DA:325,12
DA:326,8
LF:218
LH:216
end_of_record
